  homescreen.c
C:\Users\jason\UoR\Y1\Programming\SpringProject\project-visual-studio\SpringProjectx\homescreen.c(39,11): warning C4098: 'logic': 'void' function returning a value
  LINK : 0 new modules and 1 (out of 56) modules have changed since prior linking
  Starting pass 2
       util.obj
       textures.obj
       text.obj
       stage.obj
       sound.obj
       player.obj
       platform.obj
       pizza.obj
       map.obj
       io.obj
       input.obj
       init.obj
       entities.obj
       draw.obj
       camera.obj
       block.obj
       main.obj
       homescreen.obj
       MSVCRTD.lib(loadcfg.obj)
  Finished pass 2
  SpringProject.vcxproj -> C:\Users\jason\UoR\Y1\Programming\SpringProject\project-visual-studio\SpringProjectx\x64\Debug\SpringProject.exe
